C51 COMPILER V9.52.0.0   DELAY                                                             03/23/2022 08:24:50 PAGE 1   


C51 COMPILER V9.52.0.0, COMPILATION OF MODULE DELAY
OBJECT MODULE PLACED IN ..\Output\delay.obj
COMPILER INVOKED BY: D:\keil4\C51\BIN\C51.EXE ..\User\delay.c LARGE OPTIMIZE(1,SPEED) BROWSE INCDIR(..\User;..\Library) 
                    -DEBUG OBJECTEXTEND PRINT(..\Temp\delay.lst) TABS(2) OBJECT(..\Output\delay.obj)

line level    source

   1          /************************************************************************************
   2          Copyright,  LCE STUDIO   
   3          程序名称：延时函数(晶振频率18.432MHz)
   4          功能说明: 延时毫秒与微秒
   5          程序版本：1.0 （2014/06）
   6          阿里旺旺：rob1983
   7          淘宝店铺：http://shop67639654.taobao.com 
   8          ************************************************************************************/
   9          
  10          #include "stc15f2k60s2.h"     // 单片机STC15F2K60S2头文件,可以不再加入reg51.h
  11          #include <intrins.h>          // 加入此头文件后,可使用_nop_库函数
  12          #include <stdio.h>
  13          
  14          
  15          
  16          
  17          
  18          
  19          
  20          


MODULE INFORMATION:   STATIC OVERLAYABLE
   CODE SIZE        =   ----    ----
   CONSTANT SIZE    =   ----    ----
   XDATA SIZE       =   ----    ----
   PDATA SIZE       =   ----    ----
   DATA SIZE        =   ----    ----
   IDATA SIZE       =   ----    ----
   BIT SIZE         =   ----    ----
END OF MODULE INFORMATION.


C51 COMPILATION COMPLETE.  0 WARNING(S),  0 ERROR(S)
